<?xml version="1.0" encoding="UTF-8"?>
<!-- Generated by org.testng.reporters.JUnitReportReporter -->
<testsuite hostname="Awinkle" failures="0" tests="1" name="BasicTestScript.DemoTestScriptTest" time="0.003" errors="0" timestamp="2023-01-06T16:08:50 IST" skipped="0">
  <testcase classname="BasicTestScript.DemoTestScriptTest" name="verifyHomePageTest" time="0.003"/>
  <system-out/>
</testsuite> <!-- BasicTestScript.DemoTestScriptTest -->
