<?xml version="1.0" encoding="UTF-8"?>
<!-- Generated by org.testng.reporters.JUnitReportReporter -->
<testsuite hostname="Awinkle" failures="0" tests="3" name="testNg.Test1" time="0.011" errors="0" timestamp="2023-01-04T16:18:20 IST" skipped="0">
  <testcase classname="testNg.Test1" name="ademo3" time="0.006"/>
  <system-out/>
  <testcase classname="testNg.Test1" name="wdemo2" time="0.003"/>
  <system-out/>
  <testcase classname="testNg.Test1" name="xdemo1" time="0.002"/>
  <system-out/>
</testsuite> <!-- testNg.Test1 -->
