<?xml version="1.0" encoding="UTF-8"?>
<!-- Generated by org.testng.reporters.JUnitReportReporter -->
<testsuite hostname="Awinkle" failures="0" tests="1" name="testNg.HardAssert" time="0.055" errors="0" timestamp="2023-01-05T16:28:23 IST" skipped="0">
  <testcase classname="testNg.HardAssert" name="demo" time="0.055"/>
  <system-out/>
</testsuite> <!-- testNg.HardAssert -->
