<?xml version="1.0" encoding="UTF-8"?>
<!-- Generated by org.testng.reporters.JUnitReportReporter -->
<testsuite hostname="Awinkle" failures="0" tests="4" name="testNg.Priority" time="0.023" errors="0" timestamp="2023-01-04T16:18:20 IST" skipped="0">
  <testcase classname="testNg.Priority" name="bdemo" time="0.011"/>
  <system-out/>
  <testcase classname="testNg.Priority" name="Ademo2" time="0.004"/>
  <system-out/>
  <testcase classname="testNg.Priority" name="ademo1" time="0.004"/>
  <system-out/>
  <testcase classname="testNg.Priority" name="Bdemo" time="0.004"/>
  <system-out/>
</testsuite> <!-- testNg.Priority -->
