<?xml version="1.0" encoding="UTF-8"?>
<!-- Generated by org.testng.reporters.JUnitReportReporter -->
<testsuite hostname="Awinkle" failures="0" tests="5" name="testNg.InvocationCount" time="0.014" errors="0" timestamp="2023-01-04T16:18:20 IST" skipped="0">
  <testcase classname="testNg.InvocationCount" name="demoTest" time="0.005"/>
  <system-out/>
  <testcase classname="testNg.InvocationCount" name="demoTest" time="0.002"/>
  <system-out/>
  <testcase classname="testNg.InvocationCount" name="demoTest" time="0.002"/>
  <system-out/>
  <testcase classname="testNg.InvocationCount" name="demoTest" time="0.002"/>
  <system-out/>
  <testcase classname="testNg.InvocationCount" name="demoTest" time="0.003"/>
  <system-out/>
</testsuite> <!-- testNg.InvocationCount -->
