<?xml version="1.0" encoding="UTF-8"?>
<!-- Generated by org.testng.reporters.JUnitReportReporter -->
<testsuite hostname="Awinkle" failures="0" tests="1" name="testNg.ClassC" time="8.696" errors="0" timestamp="2023-01-04T16:56:45 IST" skipped="0">
  <testcase classname="testNg.ClassC" name="demo1" time="8.696"/>
  <system-out/>
</testsuite> <!-- testNg.ClassC -->
