<?xml version="1.0" encoding="UTF-8"?>
<!-- Generated by org.testng.reporters.JUnitReportReporter -->
<testsuite hostname="Awinkle" failures="0" tests="1" name="BasicTestScript.ToVerifyHomePageTest" time="146.764" errors="0" timestamp="2023-01-05T17:00:00 IST" skipped="0">
  <testcase classname="BasicTestScript.ToVerifyHomePageTest" name="ToVerifyHomePageTest" time="146.764"/>
  <system-out/>
</testsuite> <!-- BasicTestScript.ToVerifyHomePageTest -->
