<?xml version="1.0" encoding="UTF-8"?>
<!-- Generated by org.testng.reporters.JUnitReportReporter -->
<testsuite hostname="Awinkle" failures="0" tests="1" name="testNg.ClassD" time="8.498" errors="0" timestamp="2023-01-04T16:56:45 IST" skipped="0">
  <testcase classname="testNg.ClassD" name="demo2" time="8.498"/>
  <system-out/>
</testsuite> <!-- testNg.ClassD -->
