<?xml version="1.0" encoding="UTF-8"?>
<!-- Generated by org.testng.reporters.JUnitReportReporter -->
<testsuite hostname="Awinkle" failures="0" tests="3" name="testNg.DataProvider" time="0.070" errors="0" timestamp="2023-01-04T16:18:20 IST" skipped="0">
  <testcase classname="testNg.DataProvider" name="test" time="0.061"/>
  <system-out/>
  <testcase classname="testNg.DataProvider" name="test" time="0.005"/>
  <system-out/>
  <testcase classname="testNg.DataProvider" name="test" time="0.004"/>
  <system-out/>
</testsuite> <!-- testNg.DataProvider -->
